0 info it worked if it ends with ok
1 verbose cli [ '/usr/local/node/bin/node',
1 verbose cli   '/usr/local/node/bin/npm',
1 verbose cli   'install',
1 verbose cli   'gulp',
1 verbose cli   '-',
1 verbose cli   '--save' ]
2 info using npm@1.4.28
3 info using node@v0.10.32
4 verbose readDependencies using package.json deps
5 verbose cache add [ 'gulp@^3.8.10', null ]
6 verbose cache add name=undefined spec="gulp@^3.8.10" args=["gulp@^3.8.10",null]
7 verbose parsed url { protocol: null,
7 verbose parsed url   slashes: null,
7 verbose parsed url   auth: null,
7 verbose parsed url   host: null,
7 verbose parsed url   port: null,
7 verbose parsed url   hostname: null,
7 verbose parsed url   hash: null,
7 verbose parsed url   search: null,
7 verbose parsed url   query: null,
7 verbose parsed url   pathname: 'gulp@^3.8.10',
7 verbose parsed url   path: 'gulp@^3.8.10',
7 verbose parsed url   href: 'gulp@^3.8.10' }
8 verbose cache add [ '-', null ]
9 verbose cache add name=undefined spec="-" args=["-",null]
10 verbose parsed url { protocol: null,
10 verbose parsed url   slashes: null,
10 verbose parsed url   auth: null,
10 verbose parsed url   host: null,
10 verbose parsed url   port: null,
10 verbose parsed url   hostname: null,
10 verbose parsed url   hash: null,
10 verbose parsed url   search: null,
10 verbose parsed url   query: null,
10 verbose parsed url   pathname: '-',
10 verbose parsed url   path: '-',
10 verbose parsed url   href: '-' }
11 verbose cache add name="gulp" spec="^3.8.10" args=["gulp","^3.8.10"]
12 verbose parsed url { protocol: null,
12 verbose parsed url   slashes: null,
12 verbose parsed url   auth: null,
12 verbose parsed url   host: null,
12 verbose parsed url   port: null,
12 verbose parsed url   hostname: null,
12 verbose parsed url   hash: null,
12 verbose parsed url   search: null,
12 verbose parsed url   query: null,
12 verbose parsed url   pathname: '^3.8.10',
12 verbose parsed url   path: '^3.8.10',
12 verbose parsed url   href: '^3.8.10' }
13 verbose addNamed [ 'gulp', '^3.8.10' ]
14 verbose addNamed [ null, '>=3.8.10-0 <4.0.0-0' ]
15 silly lockFile 25b88f7b-gulp-3-8-10 gulp@^3.8.10
16 verbose lock gulp@^3.8.10 /Users/mikeybadr/.npm/25b88f7b-gulp-3-8-10.lock
17 silly lockFile 3bc15c8a- -
18 verbose lock - /Users/mikeybadr/.npm/3bc15c8a-.lock
19 silly addNameRange { name: 'gulp', range: '>=3.8.10-0 <4.0.0-0', hasData: false }
20 silly lockFile 3bc15c8a- -
21 silly lockFile 3bc15c8a- -
22 verbose addNamed [ '-', '' ]
23 verbose addNamed [ null, '*' ]
24 silly lockFile c75fe0d4- -@
25 verbose lock -@ /Users/mikeybadr/.npm/c75fe0d4-.lock
26 silly addNameRange { name: '-', range: '*', hasData: false }
27 verbose request where is /-
28 verbose request registry https://registry.npmjs.org/
29 verbose request id 8d010080167e9b16
30 verbose url raw /-
31 verbose url resolving [ 'https://registry.npmjs.org/', './-' ]
32 verbose url resolved https://registry.npmjs.org/-
33 verbose request where is https://registry.npmjs.org/-
34 info trying registry request attempt 1 at 23:20:07
35 http GET https://registry.npmjs.org/-
36 verbose request where is /gulp
37 verbose request registry https://registry.npmjs.org/
38 verbose url raw /gulp
39 verbose url resolving [ 'https://registry.npmjs.org/', './gulp' ]
40 verbose url resolved https://registry.npmjs.org/gulp
41 verbose request where is https://registry.npmjs.org/gulp
42 info trying registry request attempt 1 at 23:20:07
43 verbose etag "B2LXWFWBTNTQE4RTYHHVMJ8PQ"
44 http GET https://registry.npmjs.org/gulp
45 http 304 https://registry.npmjs.org/gulp
46 silly registry.get cb [ 304,
46 silly registry.get   { date: 'Sat, 08 Nov 2014 05:20:09 GMT',
46 silly registry.get     server: 'Apache',
46 silly registry.get     via: '1.1 varnish',
46 silly registry.get     'last-modified': 'Sat, 08 Nov 2014 05:20:09 GMT',
46 silly registry.get     'cache-control': 'max-age=60',
46 silly registry.get     etag: '"B2LXWFWBTNTQE4RTYHHVMJ8PQ"',
46 silly registry.get     age: '41',
46 silly registry.get     'x-served-by': 'cache-jfk1027-JFK',
46 silly registry.get     'x-cache': 'HIT',
46 silly registry.get     'x-cache-hits': '1',
46 silly registry.get     'x-timer': 'S1415424009.118751,VS0,VE0',
46 silly registry.get     vary: 'Accept',
46 silly registry.get     'content-length': '0',
46 silly registry.get     'keep-alive': 'timeout=10, max=50',
46 silly registry.get     connection: 'Keep-Alive' } ]
47 verbose etag https://registry.npmjs.org/gulp from cache
48 silly addNameRange number 2 { name: 'gulp', range: '>=3.8.10-0 <4.0.0-0', hasData: true }
49 silly addNameRange versions [ 'gulp',
49 silly addNameRange   [ '0.0.1',
49 silly addNameRange     '0.0.2',
49 silly addNameRange     '0.0.3',
49 silly addNameRange     '0.0.4',
49 silly addNameRange     '0.0.5',
49 silly addNameRange     '0.0.7',
49 silly addNameRange     '0.0.8',
49 silly addNameRange     '0.0.9',
49 silly addNameRange     '0.1.0',
49 silly addNameRange     '0.2.0',
49 silly addNameRange     '1.0.0',
49 silly addNameRange     '1.1.0',
49 silly addNameRange     '1.2.0',
49 silly addNameRange     '1.2.1',
49 silly addNameRange     '2.0.0',
49 silly addNameRange     '2.0.1',
49 silly addNameRange     '2.1.0',
49 silly addNameRange     '2.2.0',
49 silly addNameRange     '2.3.0',
49 silly addNameRange     '2.4.0',
49 silly addNameRange     '2.4.1',
49 silly addNameRange     '2.6.0',
49 silly addNameRange     '2.6.1',
49 silly addNameRange     '2.7.0',
49 silly addNameRange     '3.0.0',
49 silly addNameRange     '3.1.1',
49 silly addNameRange     '3.1.2',
49 silly addNameRange     '3.1.3',
49 silly addNameRange     '3.1.4',
49 silly addNameRange     '3.2.0',
49 silly addNameRange     '3.2.1',
49 silly addNameRange     '3.2.2',
49 silly addNameRange     '3.2.3',
49 silly addNameRange     '3.2.4',
49 silly addNameRange     '3.2.5',
49 silly addNameRange     '3.3.0',
49 silly addNameRange     '3.3.1',
49 silly addNameRange     '3.3.2',
49 silly addNameRange     '3.3.4',
49 silly addNameRange     '3.4.0',
49 silly addNameRange     '3.5.0',
49 silly addNameRange     '3.5.1',
49 silly addNameRange     '3.5.2',
49 silly addNameRange     '3.5.5',
49 silly addNameRange     '3.5.6',
49 silly addNameRange     '3.6.0',
49 silly addNameRange     '3.6.1',
49 silly addNameRange     '3.6.2',
49 silly addNameRange     '3.7.0',
49 silly addNameRange     '3.8.0',
49 silly addNameRange     '3.8.1',
49 silly addNameRange     '3.8.2',
49 silly addNameRange     '3.8.3',
49 silly addNameRange     '3.8.4',
49 silly addNameRange     '3.8.5',
49 silly addNameRange     '3.8.6',
49 silly addNameRange     '3.8.7',
49 silly addNameRange     '3.8.8',
49 silly addNameRange     '3.8.9',
49 silly addNameRange     '3.8.10' ] ]
50 verbose addNamed [ 'gulp', '3.8.10' ]
51 verbose addNamed [ '3.8.10', '3.8.10' ]
52 silly lockFile f843d0d7-gulp-3-8-10 gulp@3.8.10
53 verbose lock gulp@3.8.10 /Users/mikeybadr/.npm/f843d0d7-gulp-3-8-10.lock
54 silly lockFile f843d0d7-gulp-3-8-10 gulp@3.8.10
55 silly lockFile f843d0d7-gulp-3-8-10 gulp@3.8.10
56 silly lockFile 25b88f7b-gulp-3-8-10 gulp@^3.8.10
57 silly lockFile 25b88f7b-gulp-3-8-10 gulp@^3.8.10
58 http 404 https://registry.npmjs.org/-
59 verbose headers { date: 'Sat, 08 Nov 2014 05:20:09 GMT',
59 verbose headers   server: 'CouchDB/1.5.0 (Erlang OTP/R16B03)',
59 verbose headers   'content-type': 'application/json',
59 verbose headers   'cache-control': 'max-age=0',
59 verbose headers   'content-length': '52',
59 verbose headers   'accept-ranges': 'bytes',
59 verbose headers   via: '1.1 varnish',
59 verbose headers   age: '0',
59 verbose headers   'x-served-by': 'cache-jfk1022-JFK',
59 verbose headers   'x-cache': 'MISS',
59 verbose headers   'x-cache-hits': '0',
59 verbose headers   'x-timer': 'S1415424009.114768,VS0,VE87',
59 verbose headers   'keep-alive': 'timeout=10, max=50',
59 verbose headers   connection: 'Keep-Alive' }
60 silly registry.get cb [ 404,
60 silly registry.get   { date: 'Sat, 08 Nov 2014 05:20:09 GMT',
60 silly registry.get     server: 'CouchDB/1.5.0 (Erlang OTP/R16B03)',
60 silly registry.get     'content-type': 'application/json',
60 silly registry.get     'cache-control': 'max-age=0',
60 silly registry.get     'content-length': '52',
60 silly registry.get     'accept-ranges': 'bytes',
60 silly registry.get     via: '1.1 varnish',
60 silly registry.get     age: '0',
60 silly registry.get     'x-served-by': 'cache-jfk1022-JFK',
60 silly registry.get     'x-cache': 'MISS',
60 silly registry.get     'x-cache-hits': '0',
60 silly registry.get     'x-timer': 'S1415424009.114768,VS0,VE87',
60 silly registry.get     'keep-alive': 'timeout=10, max=50',
60 silly registry.get     connection: 'Keep-Alive' } ]
61 silly lockFile c75fe0d4- -@
62 silly lockFile c75fe0d4- -@
63 error Error: not_found document not found: -
63 error     at RegClient.<anonymous> (/usr/local/node/lib/node_modules/npm/node_modules/npm-registry-client/lib/request.js:308:14)
63 error     at Request._callback (/usr/local/node/lib/node_modules/npm/node_modules/npm-registry-client/lib/request.js:246:65)
63 error     at Request.self.callback (/usr/local/node/lib/node_modules/npm/node_modules/request/request.js:236:22)
63 error     at Request.emit (events.js:98:17)
63 error     at Request.<anonymous> (/usr/local/node/lib/node_modules/npm/node_modules/request/request.js:1142:14)
63 error     at Request.emit (events.js:117:20)
63 error     at IncomingMessage.<anonymous> (/usr/local/node/lib/node_modules/npm/node_modules/request/request.js:1096:12)
63 error     at IncomingMessage.emit (events.js:117:20)
63 error     at _stream_readable.js:943:16
63 error     at process._tickCallback (node.js:419:13)
64 error If you need help, you may report this *entire* log,
64 error including the npm and node versions, at:
64 error     <http://github.com/npm/npm/issues>
65 error System Darwin 14.0.0
66 error command "/usr/local/node/bin/node" "/usr/local/node/bin/npm" "install" "gulp" "-" "--save"
67 error cwd /Users/mikeybadr/Documents/Code/friendswipe
68 error node -v v0.10.32
69 error npm -v 1.4.28
70 verbose exit [ 1, true ]
